C:\Program Files\Microsoft Visual Studio\2022\Community\MSBuild\Microsoft\VC\v170\Microsoft.CppBuild.targets(517,5): warning MSB8004: Output Directory does not end with a trailing slash.  This build instance will add the slash as it is required to allow proper evaluation of the Output Directory.
  stdafx.cpp
  AddressCheat.cpp
  CapabilityChecker.cpp
  BuildCRG.cpp
  CRG_BrainBoost.cpp
  CRG_BrainDrain.cpp
  CRG_GetPart.cpp
  CRG_GetSick.cpp
  CRG_GiveAllParts.cpp
  CRG_GrowUp.cpp
  CRG_PosessTarget.cpp
  CRG_Recharge.cpp
  CRG_ResurrectTarget.cpp
  CRG_SpawnPlant.cpp
  CRG_Starve.cpp
  CRG_SwapCreature.cpp
  GetTribeColors.cpp
  HurtMe.cpp
  Kill.cpp
  MarkInteractives.cpp
  PrintCursor.cpp
  Generating Code...
  Compiling...
  Rename.cpp
  SendMessage.cpp
  SetChieftainColor.cpp
  SetGlideSpeed.cpp
  SetGravity.cpp
  SetTime.cpp
  SetTimeScale.cpp
  SetVehicleTool.cpp
  Teleport.cpp
  TRG_AddFood.cpp
  TRG_AddToTribe.cpp
  TRG_AddTribeSlot.cpp
  TRG_GetClosestHerd.cpp
  TRG_GetTribeInfo.cpp
  TRG_SelectMembers.cpp
  CRG_AttackBasic.cpp
  CRG_DiseaseManager.cpp
  CRG_EnergyHungerSync.cpp
  CRG_GameplayAbilities.cpp
  CRG_Inventory.cpp
  Generating Code...
  Compiling...
  CRG_MovementHelper.cpp
  CRG_NestManager.cpp
  CRG_ObjectManager.cpp
  CRG_WaterBehavior.cpp
  dllmain.cpp
  EP1_BehaviorManager.cpp
  EP1_CaptainAbilities.cpp
  EP1_GameplayObject.cpp
  EP1_GameplayObjectManager.cpp
  EP1_GameplayObject_DriveMarker.cpp
  EP1_GameplayObject_HoloProjector.cpp
  EP1_GameplayObject_IceCube.cpp
  EP1_PosseCommand.cpp
  EP1_PosseScheduleItem.cpp
  ListenAllMessages.cpp
  MouseClickRegister.cpp
  TRG_ChieftainManager.cpp
  TRG_CreaturePickup.cpp
  TRG_IslandEventManager.cpp
  TRG_MemberManager.cpp
  Generating Code...
  Compiling...
  TRG_TribeHutManager.cpp
  TRG_TribePlanManager.cpp
  UI_Timescale.cpp
  Generating Code...
  Valla_CreatureOverhaul.vcxproj -> C:\ProgramData\SPORE ModAPI Launcher Kit\mLibs\Valla_HorizonBlue.dll
